23-11-2021 16:00:39 INFO org.hibernate.validator.internal.util.Version [background-preinit] HV000001: Hibernate Validator 6.2.0.Final
23-11-2021 16:00:39 INFO com.backend.hospitalward.HospitalWardApplication [restartedMain] Starting HospitalWardApplication using Java 11.0.10 on DESKTOP-19QR801 with PID 20336 (D:\inzynier\projekt\backend\HospitalWard\target\classes started by Xarria in D:\inzynier\projekt\backend\HospitalWard)
23-11-2021 16:00:39 INFO com.backend.hospitalward.HospitalWardApplication [restartedMain] No active profile set, falling back to default profiles: default
23-11-2021 16:00:39 INFO org.springframework.boot.devtools.restart.ChangeableUrls [restartedMain] The Class-Path manifest attribute in C:\Users\Xarria\.m2\repository\org\liquibase\liquibase-core\4.3.5\liquibase-core-4.3.5.jar referenced one or more files that do not exist: file:/C:/Users/Xarria/.m2/repository/org/liquibase/liquibase-core/4.3.5/commons-cli-1.4.jar,file:/C:/Users/Xarria/.m2/repository/org/liquibase/liquibase-core/4.3.5/snakeyaml-1.27.jar
23-11-2021 16:00:39 INFO org.springframework.boot.devtools.env.DevToolsPropertyDefaultsPostProcessor [restartedMain] Devtools property defaults active! Set 'spring.devtools.add-properties' to 'false' to disable
23-11-2021 16:00:39 INFO org.springframework.boot.devtools.env.DevToolsPropertyDefaultsPostProcessor [restartedMain] For additional web related logging consider setting the 'logging.level.web' property to 'DEBUG'
23-11-2021 16:00:40 INFO org.springframework.data.repository.config.RepositoryConfigurationDelegate [restartedMain] Bootstrapping Spring Data JPA repositories in DEFAULT mode.
23-11-2021 16:00:40 INFO org.springframework.data.repository.config.RepositoryConfigurationDelegate [restartedMain] Finished Spring Data repository scanning in 87 ms. Found 5 JPA repository interfaces.
23-11-2021 16:00:41 INFO org.springframework.context.support.PostProcessorRegistrationDelegate$BeanPostProcessorChecker [restartedMain] Bean 'org.springframework.retry.annotation.RetryConfiguration' of type [org.springframework.retry.annotation.RetryConfiguration$$EnhancerBySpringCGLIB$$c6b56c2a] is not eligible for getting processed by all BeanPostProcessors (for example: not eligible for auto-proxying)
23-11-2021 16:00:41 INFO org.springframework.context.support.PostProcessorRegistrationDelegate$BeanPostProcessorChecker [restartedMain] Bean 'org.springframework.security.access.expression.method.DefaultMethodSecurityExpressionHandler@19cf2830' of type [org.springframework.security.access.expression.method.DefaultMethodSecurityExpressionHandler] is not eligible for getting processed by all BeanPostProcessors (for example: not eligible for auto-proxying)
23-11-2021 16:00:41 INFO org.springframework.context.support.PostProcessorRegistrationDelegate$BeanPostProcessorChecker [restartedMain] Bean 'methodSecurityMetadataSource' of type [org.springframework.security.access.method.DelegatingMethodSecurityMetadataSource] is not eligible for getting processed by all BeanPostProcessors (for example: not eligible for auto-proxying)
23-11-2021 16:00:42 INFO org.springframework.boot.web.embedded.tomcat.TomcatWebServer [restartedMain] Tomcat initialized with port(s): 8080 (http)
23-11-2021 16:00:42 INFO org.apache.coyote.http11.Http11NioProtocol [restartedMain] Initializing ProtocolHandler ["http-nio-8080"]
23-11-2021 16:00:42 INFO org.apache.catalina.core.StandardService [restartedMain] Starting service [Tomcat]
23-11-2021 16:00:42 INFO org.apache.catalina.core.StandardEngine [restartedMain] Starting Servlet engine: [Apache Tomcat/9.0.52]
23-11-2021 16:00:42 INFO org.apache.catalina.core.ContainerBase.[Tomcat].[localhost].[/] [restartedMain] Initializing Spring embedded WebApplicationContext
23-11-2021 16:00:42 INFO org.springframework.boot.web.servlet.context.ServletWebServerApplicationContext [restartedMain] Root WebApplicationContext: initialization completed in 2841 ms
23-11-2021 16:00:42 INFO com.zaxxer.hikari.HikariDataSource [restartedMain] HikariPool-1 - Starting...
23-11-2021 16:00:42 INFO com.zaxxer.hikari.HikariDataSource [restartedMain] HikariPool-1 - Start completed.
23-11-2021 16:00:43 INFO liquibase.lockservice [restartedMain] Successfully acquired change log lock
23-11-2021 16:00:44 INFO liquibase.changelog [restartedMain] Reading from hospital_ward_db.DATABASECHANGELOG
23-11-2021 16:00:45 INFO liquibase.lockservice [restartedMain] Successfully released change log lock
23-11-2021 16:00:45 ERROR org.springframework.boot.web.embedded.tomcat.TomcatStarter [restartedMain] Error starting Tomcat context. Exception: org.springframework.beans.factory.UnsatisfiedDependencyException. Message: Error creating bean with name 'requestJWTFilter' defined in file [D:\inzynier\projekt\backend\HospitalWard\target\classes\com\backend\hospitalward\security\RequestJWTFilter.class]: Unsatisfied dependency expressed through constructor parameter 1; nested exception is org.springframework.beans.factory.UnsatisfiedDependencyException: Error creating bean with name 'authService' defined in file [D:\inzynier\projekt\backend\HospitalWard\target\classes\com\backend\hospitalward\service\AuthService.class]: Unsatisfied dependency expressed through constructor parameter 0; nested exception is org.springframework.beans.factory.BeanCreationException: Error creating bean with name 'accountRepository' defined in com.backend.hospitalward.repository.AccountRepository defined in @EnableJpaRepositories declared on JpaRepositoriesRegistrar.EnableJpaRepositoriesConfiguration: Cannot create inner bean '(inner bean)#6b13d92e' of type [org.springframework.orm.jpa.SharedEntityManagerCreator] while setting bean property 'entityManager'; nested exception is org.springframework.beans.factory.BeanCreationException: Error creating bean with name '(inner bean)#6b13d92e': Cannot resolve reference to bean 'entityManagerFactory' while setting constructor argument; nested exception is org.springframework.beans.factory.BeanCreationException: Error creating bean with name 'liquibase' defined in class path resource [org/springframework/boot/autoconfigure/liquibase/LiquibaseAutoConfiguration$LiquibaseConfiguration.class]: Invocation of init method failed; nested exception is liquibase.exception.ValidationFailedException: Validation Failed:
     2 change sets check sum
          db/changelog/create/createDiseaseTable.xml::1::liquibase was: 8:4a6dab5f08031fa4f62d5172cb49398a but is now: 8:f214314a4c8d6d87ed641b306bbc6be5
          db/changelog/create/createPatientTable.xml::1::liquibase was: 8:4e15678f4a322860bb7f9e379de7cbc7 but is now: 8:e5351b3e3b053d9405d1252f0ae7b224

23-11-2021 16:00:45 INFO org.apache.catalina.core.StandardService [restartedMain] Stopping service [Tomcat]
23-11-2021 16:00:45 WARN org.apache.catalina.loader.WebappClassLoaderBase [restartedMain] The web application [ROOT] appears to have started a thread named [HikariPool-1 housekeeper] but has failed to stop it. This is very likely to create a memory leak. Stack trace of thread:
 java.base@11.0.10/jdk.internal.misc.Unsafe.park(Native Method)
 java.base@11.0.10/java.util.concurrent.locks.LockSupport.parkNanos(LockSupport.java:234)
 java.base@11.0.10/java.util.concurrent.locks.AbstractQueuedSynchronizer$ConditionObject.awaitNanos(AbstractQueuedSynchronizer.java:2123)
 java.base@11.0.10/java.util.concurrent.ScheduledThreadPoolExecutor$DelayedWorkQueue.take(ScheduledThreadPoolExecutor.java:1182)
 java.base@11.0.10/java.util.concurrent.ScheduledThreadPoolExecutor$DelayedWorkQueue.take(ScheduledThreadPoolExecutor.java:899)
 java.base@11.0.10/java.util.concurrent.ThreadPoolExecutor.getTask(ThreadPoolExecutor.java:1054)
 java.base@11.0.10/java.util.concurrent.ThreadPoolExecutor.runWorker(ThreadPoolExecutor.java:1114)
 java.base@11.0.10/java.util.concurrent.ThreadPoolExecutor$Worker.run(ThreadPoolExecutor.java:628)
 java.base@11.0.10/java.lang.Thread.run(Thread.java:829)
23-11-2021 16:00:45 WARN org.apache.catalina.loader.WebappClassLoaderBase [restartedMain] The web application [ROOT] appears to have started a thread named [HikariPool-1 connection adder] but has failed to stop it. This is very likely to create a memory leak. Stack trace of thread:
 java.base@11.0.10/jdk.internal.misc.Unsafe.park(Native Method)
 java.base@11.0.10/java.util.concurrent.locks.LockSupport.parkNanos(LockSupport.java:234)
 java.base@11.0.10/java.util.concurrent.locks.AbstractQueuedSynchronizer$ConditionObject.awaitNanos(AbstractQueuedSynchronizer.java:2123)
 java.base@11.0.10/java.util.concurrent.LinkedBlockingQueue.poll(LinkedBlockingQueue.java:458)
 java.base@11.0.10/java.util.concurrent.ThreadPoolExecutor.getTask(ThreadPoolExecutor.java:1053)
 java.base@11.0.10/java.util.concurrent.ThreadPoolExecutor.runWorker(ThreadPoolExecutor.java:1114)
 java.base@11.0.10/java.util.concurrent.ThreadPoolExecutor$Worker.run(ThreadPoolExecutor.java:628)
 java.base@11.0.10/java.lang.Thread.run(Thread.java:829)
23-11-2021 16:00:45 WARN org.springframework.boot.web.servlet.context.AnnotationConfigServletWebServerApplicationContext [restartedMain] Exception encountered during context initialization - cancelling refresh attempt: org.springframework.context.ApplicationContextException: Unable to start web server; nested exception is org.springframework.boot.web.server.WebServerException: Unable to start embedded Tomcat
23-11-2021 16:00:45 INFO com.zaxxer.hikari.HikariDataSource [restartedMain] HikariPool-1 - Shutdown initiated...
23-11-2021 16:00:45 INFO com.zaxxer.hikari.HikariDataSource [restartedMain] HikariPool-1 - Shutdown completed.
23-11-2021 16:00:45 INFO org.springframework.boot.autoconfigure.logging.ConditionEvaluationReportLoggingListener [restartedMain] 

Error starting ApplicationContext. To display the conditions report re-run your application with 'debug' enabled.
23-11-2021 16:00:45 ERROR org.springframework.boot.SpringApplication [restartedMain] Application run failed
org.springframework.context.ApplicationContextException: Unable to start web server; nested exception is org.springframework.boot.web.server.WebServerException: Unable to start embedded Tomcat
	at org.springframework.boot.web.servlet.context.ServletWebServerApplicationContext.onRefresh(ServletWebServerApplicationContext.java:163)
	at org.springframework.context.support.AbstractApplicationContext.refresh(AbstractApplicationContext.java:577)
	at org.springframework.boot.web.servlet.context.ServletWebServerApplicationContext.refresh(ServletWebServerApplicationContext.java:145)
	at org.springframework.boot.SpringApplication.refresh(SpringApplication.java:754)
	at org.springframework.boot.SpringApplication.refreshContext(SpringApplication.java:434)
	at org.springframework.boot.SpringApplication.run(SpringApplication.java:338)
	at org.springframework.boot.SpringApplication.run(SpringApplication.java:1343)
	at org.springframework.boot.SpringApplication.run(SpringApplication.java:1332)
	at com.backend.hospitalward.HospitalWardApplication.main(HospitalWardApplication.java:12)
	at java.base/jdk.internal.reflect.NativeMethodAccessorImpl.invoke0(Native Method)
	at java.base/jdk.internal.reflect.NativeMethodAccessorImpl.invoke(NativeMethodAccessorImpl.java:62)
	at java.base/jdk.internal.reflect.DelegatingMethodAccessorImpl.invoke(DelegatingMethodAccessorImpl.java:43)
	at java.base/java.lang.reflect.Method.invoke(Method.java:566)
	at org.springframework.boot.devtools.restart.RestartLauncher.run(RestartLauncher.java:49)
Caused by: org.springframework.boot.web.server.WebServerException: Unable to start embedded Tomcat
	at org.springframework.boot.web.embedded.tomcat.TomcatWebServer.initialize(TomcatWebServer.java:142)
	at org.springframework.boot.web.embedded.tomcat.TomcatWebServer.<init>(TomcatWebServer.java:104)
	at org.springframework.boot.web.embedded.tomcat.TomcatServletWebServerFactory.getTomcatWebServer(TomcatServletWebServerFactory.java:450)
	at org.springframework.boot.web.embedded.tomcat.TomcatServletWebServerFactory.getWebServer(TomcatServletWebServerFactory.java:199)
	at org.springframework.boot.web.servlet.context.ServletWebServerApplicationContext.createWebServer(ServletWebServerApplicationContext.java:182)
	at org.springframework.boot.web.servlet.context.ServletWebServerApplicationContext.onRefresh(ServletWebServerApplicationContext.java:160)
	... 13 common frames omitted
Caused by: org.springframework.beans.factory.UnsatisfiedDependencyException: Error creating bean with name 'requestJWTFilter' defined in file [D:\inzynier\projekt\backend\HospitalWard\target\classes\com\backend\hospitalward\security\RequestJWTFilter.class]: Unsatisfied dependency expressed through constructor parameter 1; nested exception is org.springframework.beans.factory.UnsatisfiedDependencyException: Error creating bean with name 'authService' defined in file [D:\inzynier\projekt\backend\HospitalWard\target\classes\com\backend\hospitalward\service\AuthService.class]: Unsatisfied dependency expressed through constructor parameter 0; nested exception is org.springframework.beans.factory.BeanCreationException: Error creating bean with name 'accountRepository' defined in com.backend.hospitalward.repository.AccountRepository defined in @EnableJpaRepositories declared on JpaRepositoriesRegistrar.EnableJpaRepositoriesConfiguration: Cannot create inner bean '(inner bean)#6b13d92e' of type [org.springframework.orm.jpa.SharedEntityManagerCreator] while setting bean property 'entityManager'; nested exception is org.springframework.beans.factory.BeanCreationException: Error creating bean with name '(inner bean)#6b13d92e': Cannot resolve reference to bean 'entityManagerFactory' while setting constructor argument; nested exception is org.springframework.beans.factory.BeanCreationException: Error creating bean with name 'liquibase' defined in class path resource [org/springframework/boot/autoconfigure/liquibase/LiquibaseAutoConfiguration$LiquibaseConfiguration.class]: Invocation of init method failed; nested exception is liquibase.exception.ValidationFailedException: Validation Failed:
     2 change sets check sum
          db/changelog/create/createDiseaseTable.xml::1::liquibase was: 8:4a6dab5f08031fa4f62d5172cb49398a but is now: 8:f214314a4c8d6d87ed641b306bbc6be5
          db/changelog/create/createPatientTable.xml::1::liquibase was: 8:4e15678f4a322860bb7f9e379de7cbc7 but is now: 8:e5351b3e3b053d9405d1252f0ae7b224

	at org.springframework.beans.factory.support.ConstructorResolver.createArgumentArray(ConstructorResolver.java:800)
	at org.springframework.beans.factory.support.ConstructorResolver.autowireConstructor(ConstructorResolver.java:229)
	at org.springframework.beans.factory.support.AbstractAutowireCapableBeanFactory.autowireConstructor(AbstractAutowireCapableBeanFactory.java:1354)
	at org.springframework.beans.factory.support.AbstractAutowireCapableBeanFactory.createBeanInstance(AbstractAutowireCapableBeanFactory.java:1204)
	at org.springframework.beans.factory.support.AbstractAutowireCapableBeanFactory.doCreateBean(AbstractAutowireCapableBeanFactory.java:564)
	at org.springframework.beans.factory.support.AbstractAutowireCapableBeanFactory.createBean(AbstractAutowireCapableBeanFactory.java:524)
	at org.springframework.beans.factory.support.AbstractBeanFactory.lambda$doGetBean$0(AbstractBeanFactory.java:335)
	at org.springframework.beans.factory.support.DefaultSingletonBeanRegistry.getSingleton(DefaultSingletonBeanRegistry.java:234)
	at org.springframework.beans.factory.support.AbstractBeanFactory.doGetBean(AbstractBeanFactory.java:333)
	at org.springframework.beans.factory.support.AbstractBeanFactory.getBean(AbstractBeanFactory.java:213)
	at org.springframework.boot.web.servlet.ServletContextInitializerBeans.getOrderedBeansOfType(ServletContextInitializerBeans.java:212)
	at org.springframework.boot.web.servlet.ServletContextInitializerBeans.addAsRegistrationBean(ServletContextInitializerBeans.java:175)
	at org.springframework.boot.web.servlet.ServletContextInitializerBeans.addAsRegistrationBean(ServletContextInitializerBeans.java:170)
	at org.springframework.boot.web.servlet.ServletContextInitializerBeans.addAdaptableBeans(ServletContextInitializerBeans.java:155)
	at org.springframework.boot.web.servlet.ServletContextInitializerBeans.<init>(ServletContextInitializerBeans.java:87)
	at org.springframework.boot.web.servlet.context.ServletWebServerApplicationContext.getServletContextInitializerBeans(ServletWebServerApplicationContext.java:260)
	at org.springframework.boot.web.servlet.context.ServletWebServerApplicationContext.selfInitialize(ServletWebServerApplicationContext.java:234)
	at org.springframework.boot.web.embedded.tomcat.TomcatStarter.onStartup(TomcatStarter.java:53)
	at org.apache.catalina.core.StandardContext.startInternal(StandardContext.java:5219)
	at org.apache.catalina.util.LifecycleBase.start(LifecycleBase.java:183)
	at org.apache.catalina.core.ContainerBase$StartChild.call(ContainerBase.java:1396)
	at org.apache.catalina.core.ContainerBase$StartChild.call(ContainerBase.java:1386)
	at java.base/java.util.concurrent.FutureTask.run(FutureTask.java:264)
	at org.apache.tomcat.util.threads.InlineExecutorService.execute(InlineExecutorService.java:75)
	at java.base/java.util.concurrent.AbstractExecutorService.submit(AbstractExecutorService.java:140)
	at org.apache.catalina.core.ContainerBase.startInternal(ContainerBase.java:919)
	at org.apache.catalina.core.StandardHost.startInternal(StandardHost.java:835)
	at org.apache.catalina.util.LifecycleBase.start(LifecycleBase.java:183)
	at org.apache.catalina.core.ContainerBase$StartChild.call(ContainerBase.java:1396)
	at org.apache.catalina.core.ContainerBase$StartChild.call(ContainerBase.java:1386)
	at java.base/java.util.concurrent.FutureTask.run(FutureTask.java:264)
	at org.apache.tomcat.util.threads.InlineExecutorService.execute(InlineExecutorService.java:75)
	at java.base/java.util.concurrent.AbstractExecutorService.submit(AbstractExecutorService.java:140)
	at org.apache.catalina.core.ContainerBase.startInternal(ContainerBase.java:919)
	at org.apache.catalina.core.StandardEngine.startInternal(StandardEngine.java:263)
	at org.apache.catalina.util.LifecycleBase.start(LifecycleBase.java:183)
	at org.apache.catalina.core.StandardService.startInternal(StandardService.java:432)
	at org.apache.catalina.util.LifecycleBase.start(LifecycleBase.java:183)
	at org.apache.catalina.core.StandardServer.startInternal(StandardServer.java:927)
	at org.apache.catalina.util.LifecycleBase.start(LifecycleBase.java:183)
	at org.apache.catalina.startup.Tomcat.start(Tomcat.java:486)
	at org.springframework.boot.web.embedded.tomcat.TomcatWebServer.initialize(TomcatWebServer.java:123)
	... 18 common frames omitted
Caused by: org.springframework.beans.factory.UnsatisfiedDependencyException: Error creating bean with name 'authService' defined in file [D:\inzynier\projekt\backend\HospitalWard\target\classes\com\backend\hospitalward\service\AuthService.class]: Unsatisfied dependency expressed through constructor parameter 0; nested exception is org.springframework.beans.factory.BeanCreationException: Error creating bean with name 'accountRepository' defined in com.backend.hospitalward.repository.AccountRepository defined in @EnableJpaRepositories declared on JpaRepositoriesRegistrar.EnableJpaRepositoriesConfiguration: Cannot create inner bean '(inner bean)#6b13d92e' of type [org.springframework.orm.jpa.SharedEntityManagerCreator] while setting bean property 'entityManager'; nested exception is org.springframework.beans.factory.BeanCreationException: Error creating bean with name '(inner bean)#6b13d92e': Cannot resolve reference to bean 'entityManagerFactory' while setting constructor argument; nested exception is org.springframework.beans.factory.BeanCreationException: Error creating bean with name 'liquibase' defined in class path resource [org/springframework/boot/autoconfigure/liquibase/LiquibaseAutoConfiguration$LiquibaseConfiguration.class]: Invocation of init method failed; nested exception is liquibase.exception.ValidationFailedException: Validation Failed:
     2 change sets check sum
          db/changelog/create/createDiseaseTable.xml::1::liquibase was: 8:4a6dab5f08031fa4f62d5172cb49398a but is now: 8:f214314a4c8d6d87ed641b306bbc6be5
          db/changelog/create/createPatientTable.xml::1::liquibase was: 8:4e15678f4a322860bb7f9e379de7cbc7 but is now: 8:e5351b3e3b053d9405d1252f0ae7b224

	at org.springframework.beans.factory.support.ConstructorResolver.createArgumentArray(ConstructorResolver.java:800)
	at org.springframework.beans.factory.support.ConstructorResolver.autowireConstructor(ConstructorResolver.java:229)
	at org.springframework.beans.factory.support.AbstractAutowireCapableBeanFactory.autowireConstructor(AbstractAutowireCapableBeanFactory.java:1354)
	at org.springframework.beans.factory.support.AbstractAutowireCapableBeanFactory.createBeanInstance(AbstractAutowireCapableBeanFactory.java:1204)
	at org.springframework.beans.factory.support.AbstractAutowireCapableBeanFactory.doCreateBean(AbstractAutowireCapableBeanFactory.java:564)
	at org.springframework.beans.factory.support.AbstractAutowireCapableBeanFactory.createBean(AbstractAutowireCapableBeanFactory.java:524)
	at org.springframework.beans.factory.support.AbstractBeanFactory.lambda$doGetBean$0(AbstractBeanFactory.java:335)
	at org.springframework.beans.factory.support.DefaultSingletonBeanRegistry.getSingleton(DefaultSingletonBeanRegistry.java:234)
	at org.springframework.beans.factory.support.AbstractBeanFactory.doGetBean(AbstractBeanFactory.java:333)
	at org.springframework.beans.factory.support.AbstractBeanFactory.getBean(AbstractBeanFactory.java:208)
	at org.springframework.beans.factory.config.DependencyDescriptor.resolveCandidate(DependencyDescriptor.java:276)
	at org.springframework.beans.factory.support.DefaultListableBeanFactory.doResolveDependency(DefaultListableBeanFactory.java:1380)
	at org.springframework.beans.factory.support.DefaultListableBeanFactory.resolveDependency(DefaultListableBeanFactory.java:1300)
	at org.springframework.beans.factory.support.ConstructorResolver.resolveAutowiredArgument(ConstructorResolver.java:887)
	at org.springframework.beans.factory.support.ConstructorResolver.createArgumentArray(ConstructorResolver.java:791)
	... 59 common frames omitted
Caused by: org.springframework.beans.factory.BeanCreationException: Error creating bean with name 'accountRepository' defined in com.backend.hospitalward.repository.AccountRepository defined in @EnableJpaRepositories declared on JpaRepositoriesRegistrar.EnableJpaRepositoriesConfiguration: Cannot create inner bean '(inner bean)#6b13d92e' of type [org.springframework.orm.jpa.SharedEntityManagerCreator] while setting bean property 'entityManager'; nested exception is org.springframework.beans.factory.BeanCreationException: Error creating bean with name '(inner bean)#6b13d92e': Cannot resolve reference to bean 'entityManagerFactory' while setting constructor argument; nested exception is org.springframework.beans.factory.BeanCreationException: Error creating bean with name 'liquibase' defined in class path resource [org/springframework/boot/autoconfigure/liquibase/LiquibaseAutoConfiguration$LiquibaseConfiguration.class]: Invocation of init method failed; nested exception is liquibase.exception.ValidationFailedException: Validation Failed:
     2 change sets check sum
          db/changelog/create/createDiseaseTable.xml::1::liquibase was: 8:4a6dab5f08031fa4f62d5172cb49398a but is now: 8:f214314a4c8d6d87ed641b306bbc6be5
          db/changelog/create/createPatientTable.xml::1::liquibase was: 8:4e15678f4a322860bb7f9e379de7cbc7 but is now: 8:e5351b3e3b053d9405d1252f0ae7b224

	at org.springframework.beans.factory.support.BeanDefinitionValueResolver.resolveInnerBean(BeanDefinitionValueResolver.java:389)
	at org.springframework.beans.factory.support.BeanDefinitionValueResolver.resolveValueIfNecessary(BeanDefinitionValueResolver.java:134)
	at org.springframework.beans.factory.support.AbstractAutowireCapableBeanFactory.applyPropertyValues(AbstractAutowireCapableBeanFactory.java:1689)
	at org.springframework.beans.factory.support.AbstractAutowireCapableBeanFactory.populateBean(AbstractAutowireCapableBeanFactory.java:1434)
	at org.springframework.beans.factory.support.AbstractAutowireCapableBeanFactory.doCreateBean(AbstractAutowireCapableBeanFactory.java:601)
	at org.springframework.beans.factory.support.AbstractAutowireCapableBeanFactory.createBean(AbstractAutowireCapableBeanFactory.java:524)
	at org.springframework.beans.factory.support.AbstractBeanFactory.lambda$doGetBean$0(AbstractBeanFactory.java:335)
	at org.springframework.beans.factory.support.DefaultSingletonBeanRegistry.getSingleton(DefaultSingletonBeanRegistry.java:234)
	at org.springframework.beans.factory.support.AbstractBeanFactory.doGetBean(AbstractBeanFactory.java:333)
	at org.springframework.beans.factory.support.AbstractBeanFactory.getBean(AbstractBeanFactory.java:208)
	at org.springframework.beans.factory.config.DependencyDescriptor.resolveCandidate(DependencyDescriptor.java:276)
	at org.springframework.beans.factory.support.DefaultListableBeanFactory.doResolveDependency(DefaultListableBeanFactory.java:1380)
	at org.springframework.beans.factory.support.DefaultListableBeanFactory.resolveDependency(DefaultListableBeanFactory.java:1300)
	at org.springframework.beans.factory.support.ConstructorResolver.resolveAutowiredArgument(ConstructorResolver.java:887)
	at org.springframework.beans.factory.support.ConstructorResolver.createArgumentArray(ConstructorResolver.java:791)
	... 73 common frames omitted
Caused by: org.springframework.beans.factory.BeanCreationException: Error creating bean with name '(inner bean)#6b13d92e': Cannot resolve reference to bean 'entityManagerFactory' while setting constructor argument; nested exception is org.springframework.beans.factory.BeanCreationException: Error creating bean with name 'liquibase' defined in class path resource [org/springframework/boot/autoconfigure/liquibase/LiquibaseAutoConfiguration$LiquibaseConfiguration.class]: Invocation of init method failed; nested exception is liquibase.exception.ValidationFailedException: Validation Failed:
     2 change sets check sum
          db/changelog/create/createDiseaseTable.xml::1::liquibase was: 8:4a6dab5f08031fa4f62d5172cb49398a but is now: 8:f214314a4c8d6d87ed641b306bbc6be5
          db/changelog/create/createPatientTable.xml::1::liquibase was: 8:4e15678f4a322860bb7f9e379de7cbc7 but is now: 8:e5351b3e3b053d9405d1252f0ae7b224

	at org.springframework.beans.factory.support.BeanDefinitionValueResolver.resolveReference(BeanDefinitionValueResolver.java:342)
	at org.springframework.beans.factory.support.BeanDefinitionValueResolver.resolveValueIfNecessary(BeanDefinitionValueResolver.java:113)
	at org.springframework.beans.factory.support.ConstructorResolver.resolveConstructorArguments(ConstructorResolver.java:693)
	at org.springframework.beans.factory.support.ConstructorResolver.instantiateUsingFactoryMethod(ConstructorResolver.java:510)
	at org.springframework.beans.factory.support.AbstractAutowireCapableBeanFactory.instantiateUsingFactoryMethod(AbstractAutowireCapableBeanFactory.java:1334)
	at org.springframework.beans.factory.support.AbstractAutowireCapableBeanFactory.createBeanInstance(AbstractAutowireCapableBeanFactory.java:1177)
	at org.springframework.beans.factory.support.AbstractAutowireCapableBeanFactory.doCreateBean(AbstractAutowireCapableBeanFactory.java:564)
	at org.springframework.beans.factory.support.AbstractAutowireCapableBeanFactory.createBean(AbstractAutowireCapableBeanFactory.java:524)
	at org.springframework.beans.factory.support.BeanDefinitionValueResolver.resolveInnerBean(BeanDefinitionValueResolver.java:374)
	... 87 common frames omitted
Caused by: org.springframework.beans.factory.BeanCreationException: Error creating bean with name 'liquibase' defined in class path resource [org/springframework/boot/autoconfigure/liquibase/LiquibaseAutoConfiguration$LiquibaseConfiguration.class]: Invocation of init method failed; nested exception is liquibase.exception.ValidationFailedException: Validation Failed:
     2 change sets check sum
          db/changelog/create/createDiseaseTable.xml::1::liquibase was: 8:4a6dab5f08031fa4f62d5172cb49398a but is now: 8:f214314a4c8d6d87ed641b306bbc6be5
          db/changelog/create/createPatientTable.xml::1::liquibase was: 8:4e15678f4a322860bb7f9e379de7cbc7 but is now: 8:e5351b3e3b053d9405d1252f0ae7b224

	at org.springframework.beans.factory.support.AbstractAutowireCapableBeanFactory.initializeBean(AbstractAutowireCapableBeanFactory.java:1786)
	at org.springframework.beans.factory.support.AbstractAutowireCapableBeanFactory.doCreateBean(AbstractAutowireCapableBeanFactory.java:602)
	at org.springframework.beans.factory.support.AbstractAutowireCapableBeanFactory.createBean(AbstractAutowireCapableBeanFactory.java:524)
	at org.springframework.beans.factory.support.AbstractBeanFactory.lambda$doGetBean$0(AbstractBeanFactory.java:335)
	at org.springframework.beans.factory.support.DefaultSingletonBeanRegistry.getSingleton(DefaultSingletonBeanRegistry.java:234)
	at org.springframework.beans.factory.support.AbstractBeanFactory.doGetBean(AbstractBeanFactory.java:333)
	at org.springframework.beans.factory.support.AbstractBeanFactory.getBean(AbstractBeanFactory.java:208)
	at org.springframework.beans.factory.support.AbstractBeanFactory.doGetBean(AbstractBeanFactory.java:322)
	at org.springframework.beans.factory.support.AbstractBeanFactory.getBean(AbstractBeanFactory.java:208)
	at org.springframework.beans.factory.support.BeanDefinitionValueResolver.resolveReference(BeanDefinitionValueResolver.java:330)
	... 95 common frames omitted
Caused by: liquibase.exception.ValidationFailedException: Validation Failed:
     2 change sets check sum
          db/changelog/create/createDiseaseTable.xml::1::liquibase was: 8:4a6dab5f08031fa4f62d5172cb49398a but is now: 8:f214314a4c8d6d87ed641b306bbc6be5
          db/changelog/create/createPatientTable.xml::1::liquibase was: 8:4e15678f4a322860bb7f9e379de7cbc7 but is now: 8:e5351b3e3b053d9405d1252f0ae7b224

	at liquibase.changelog.DatabaseChangeLog.validate(DatabaseChangeLog.java:299)
	at liquibase.Liquibase.lambda$update$1(Liquibase.java:237)
	at liquibase.Scope.lambda$child$0(Scope.java:160)
	at liquibase.Scope.child(Scope.java:169)
	at liquibase.Scope.child(Scope.java:159)
	at liquibase.Scope.child(Scope.java:138)
	at liquibase.Liquibase.runInScope(Liquibase.java:2369)
	at liquibase.Liquibase.update(Liquibase.java:217)
	at liquibase.Liquibase.update(Liquibase.java:203)
	at liquibase.integration.spring.SpringLiquibase.performUpdate(SpringLiquibase.java:321)
	at liquibase.integration.spring.SpringLiquibase.afterPropertiesSet(SpringLiquibase.java:275)
	at org.springframework.beans.factory.support.AbstractAutowireCapableBeanFactory.invokeInitMethods(AbstractAutowireCapableBeanFactory.java:1845)
	at org.springframework.beans.factory.support.AbstractAutowireCapableBeanFactory.initializeBean(AbstractAutowireCapableBeanFactory.java:1782)
	... 104 common frames omitted
23-11-2021 16:01:46 INFO org.hibernate.validator.internal.util.Version [background-preinit] HV000001: Hibernate Validator 6.2.0.Final
23-11-2021 16:01:46 INFO com.backend.hospitalward.HospitalWardApplication [restartedMain] Starting HospitalWardApplication using Java 11.0.10 on DESKTOP-19QR801 with PID 20132 (D:\inzynier\projekt\backend\HospitalWard\target\classes started by Xarria in D:\inzynier\projekt\backend\HospitalWard)
23-11-2021 16:01:46 INFO com.backend.hospitalward.HospitalWardApplication [restartedMain] No active profile set, falling back to default profiles: default
23-11-2021 16:01:46 INFO org.springframework.boot.devtools.restart.ChangeableUrls [restartedMain] The Class-Path manifest attribute in C:\Users\Xarria\.m2\repository\org\liquibase\liquibase-core\4.3.5\liquibase-core-4.3.5.jar referenced one or more files that do not exist: file:/C:/Users/Xarria/.m2/repository/org/liquibase/liquibase-core/4.3.5/commons-cli-1.4.jar,file:/C:/Users/Xarria/.m2/repository/org/liquibase/liquibase-core/4.3.5/snakeyaml-1.27.jar
23-11-2021 16:01:46 INFO org.springframework.boot.devtools.env.DevToolsPropertyDefaultsPostProcessor [restartedMain] Devtools property defaults active! Set 'spring.devtools.add-properties' to 'false' to disable
23-11-2021 16:01:46 INFO org.springframework.boot.devtools.env.DevToolsPropertyDefaultsPostProcessor [restartedMain] For additional web related logging consider setting the 'logging.level.web' property to 'DEBUG'
23-11-2021 16:01:47 INFO org.springframework.data.repository.config.RepositoryConfigurationDelegate [restartedMain] Bootstrapping Spring Data JPA repositories in DEFAULT mode.
23-11-2021 16:01:47 INFO org.springframework.data.repository.config.RepositoryConfigurationDelegate [restartedMain] Finished Spring Data repository scanning in 77 ms. Found 5 JPA repository interfaces.
23-11-2021 16:01:48 INFO org.springframework.context.support.PostProcessorRegistrationDelegate$BeanPostProcessorChecker [restartedMain] Bean 'org.springframework.retry.annotation.RetryConfiguration' of type [org.springframework.retry.annotation.RetryConfiguration$$EnhancerBySpringCGLIB$$a75cc93c] is not eligible for getting processed by all BeanPostProcessors (for example: not eligible for auto-proxying)
23-11-2021 16:01:48 INFO org.springframework.context.support.PostProcessorRegistrationDelegate$BeanPostProcessorChecker [restartedMain] Bean 'org.springframework.security.access.expression.method.DefaultMethodSecurityExpressionHandler@76263806' of type [org.springframework.security.access.expression.method.DefaultMethodSecurityExpressionHandler] is not eligible for getting processed by all BeanPostProcessors (for example: not eligible for auto-proxying)
23-11-2021 16:01:48 INFO org.springframework.context.support.PostProcessorRegistrationDelegate$BeanPostProcessorChecker [restartedMain] Bean 'methodSecurityMetadataSource' of type [org.springframework.security.access.method.DelegatingMethodSecurityMetadataSource] is not eligible for getting processed by all BeanPostProcessors (for example: not eligible for auto-proxying)
23-11-2021 16:01:48 INFO org.springframework.boot.web.embedded.tomcat.TomcatWebServer [restartedMain] Tomcat initialized with port(s): 8080 (http)
23-11-2021 16:01:48 INFO org.apache.coyote.http11.Http11NioProtocol [restartedMain] Initializing ProtocolHandler ["http-nio-8080"]
23-11-2021 16:01:48 INFO org.apache.catalina.core.StandardService [restartedMain] Starting service [Tomcat]
23-11-2021 16:01:48 INFO org.apache.catalina.core.StandardEngine [restartedMain] Starting Servlet engine: [Apache Tomcat/9.0.52]
23-11-2021 16:01:48 INFO org.apache.catalina.core.ContainerBase.[Tomcat].[localhost].[/] [restartedMain] Initializing Spring embedded WebApplicationContext
23-11-2021 16:01:48 INFO org.springframework.boot.web.servlet.context.ServletWebServerApplicationContext [restartedMain] Root WebApplicationContext: initialization completed in 2146 ms
23-11-2021 16:01:49 INFO com.zaxxer.hikari.HikariDataSource [restartedMain] HikariPool-1 - Starting...
23-11-2021 16:01:49 INFO com.zaxxer.hikari.HikariDataSource [restartedMain] HikariPool-1 - Start completed.
23-11-2021 16:01:49 INFO liquibase.lockservice [restartedMain] Successfully acquired change log lock
23-11-2021 16:01:50 INFO liquibase.changelog [restartedMain] Creating database history table with name: hospital_ward_db.DATABASECHANGELOG
23-11-2021 16:01:50 INFO liquibase.changelog [restartedMain] Reading from hospital_ward_db.DATABASECHANGELOG
23-11-2021 16:01:50 INFO liquibase.lockservice [restartedMain] Successfully released change log lock
23-11-2021 16:01:50 INFO liquibase.lockservice [restartedMain] Successfully acquired change log lock
23-11-2021 16:01:50 WARN liquibase.hub [restartedMain] Skipping auto-registration
23-11-2021 16:01:50 INFO liquibase.changelog [restartedMain] Table access_level created
23-11-2021 16:01:50 INFO liquibase.changelog [restartedMain] ChangeSet db/changelog/create/createAccessLevelTable.xml::1::liquibase ran successfully in 40ms
23-11-2021 16:01:50 INFO liquibase.changelog [restartedMain] Table account created
23-11-2021 16:01:50 INFO liquibase.changelog [restartedMain] ChangeSet db/changelog/create/createAccountTable.xml::1::liquibase ran successfully in 136ms
23-11-2021 16:01:50 INFO liquibase.changelog [restartedMain] Table covid_status created
23-11-2021 16:01:50 INFO liquibase.changelog [restartedMain] ChangeSet db/changelog/create/createCovidStatusTable.xml::1::liquibase ran successfully in 61ms
23-11-2021 16:01:50 INFO liquibase.changelog [restartedMain] Table disease created
23-11-2021 16:01:50 INFO liquibase.changelog [restartedMain] ChangeSet db/changelog/create/createDiseaseTable.xml::1::liquibase ran successfully in 104ms
23-11-2021 16:01:50 INFO liquibase.changelog [restartedMain] Table patient_type created
23-11-2021 16:01:50 INFO liquibase.changelog [restartedMain] ChangeSet db/changelog/create/createPatientTypeTable.xml::1::liquibase ran successfully in 42ms
23-11-2021 16:01:50 INFO liquibase.changelog [restartedMain] Table patient_status created
23-11-2021 16:01:50 INFO liquibase.changelog [restartedMain] ChangeSet db/changelog/create/createPatientStatusTable.xml::1::liquibase ran successfully in 38ms
23-11-2021 16:01:51 INFO liquibase.changelog [restartedMain] Table patient created
23-11-2021 16:01:51 INFO liquibase.changelog [restartedMain] ChangeSet db/changelog/create/createPatientTable.xml::1::liquibase ran successfully in 124ms
23-11-2021 16:01:51 INFO liquibase.changelog [restartedMain] Table medical_staff created
23-11-2021 16:01:51 INFO liquibase.changelog [restartedMain] ChangeSet db/changelog/create/createMedicalStaffTable.xml::1::liquibase ran successfully in 65ms
23-11-2021 16:01:51 INFO liquibase.changelog [restartedMain] Table specialization created
23-11-2021 16:01:51 INFO liquibase.changelog [restartedMain] ChangeSet db/changelog/create/createSpecializationTable.xml::1::liquibase ran successfully in 59ms
23-11-2021 16:01:51 INFO liquibase.changelog [restartedMain] Table medical_staff_specialization created
23-11-2021 16:01:51 INFO liquibase.changelog [restartedMain] ChangeSet db/changelog/create/createMedicalStaffSpecializationTable.xml::1::liquibase ran successfully in 58ms
23-11-2021 16:01:51 INFO liquibase.changelog [restartedMain] Table patient_disease created
23-11-2021 16:01:51 INFO liquibase.changelog [restartedMain] ChangeSet db/changelog/create/createPatientDiseaseTable.xml::1::liquibase ran successfully in 55ms
23-11-2021 16:01:51 INFO liquibase.changelog [restartedMain] Table personal_data created
23-11-2021 16:01:51 INFO liquibase.changelog [restartedMain] ChangeSet db/changelog/create/createPersonalDataTable.xml::1::liquibase ran successfully in 48ms
23-11-2021 16:01:51 INFO liquibase.changelog [restartedMain] View auth_view created
23-11-2021 16:01:51 INFO liquibase.changelog [restartedMain] ChangeSet db/changelog/create/createAuthView.xml::1::liquibase ran successfully in 32ms
23-11-2021 16:01:51 INFO liquibase.changelog [restartedMain] Table url created
23-11-2021 16:01:51 INFO liquibase.changelog [restartedMain] ChangeSet db/changelog/create/createUrlTable.xml::1::liquibase ran successfully in 128ms
23-11-2021 16:01:51 INFO liquibase.statement [restartedMain] Executing JDBC DML batch was successful. 5 operations were executed, 1 individual UPDATE events were confirmed by the database.
23-11-2021 16:01:51 INFO liquibase.changelog [restartedMain] Data loaded from /csv/patient_type.csv into patient_type
23-11-2021 16:01:51 INFO liquibase.changelog [restartedMain] ChangeSet db/changelog/load/loadPatientTypeTable.xml::1::liquibase ran successfully in 16ms
23-11-2021 16:01:51 INFO liquibase.statement [restartedMain] Executing JDBC DML batch was successful. 5 operations were executed, 1 individual UPDATE events were confirmed by the database.
23-11-2021 16:01:51 INFO liquibase.changelog [restartedMain] Data loaded from /csv/patient_status.csv into patient_status
23-11-2021 16:01:51 INFO liquibase.changelog [restartedMain] ChangeSet db/changelog/load/loadPatientStatusTable.xml::1::liquibase ran successfully in 16ms
23-11-2021 16:01:51 INFO liquibase.statement [restartedMain] Executing JDBC DML batch was successful. 3 operations were executed, 1 individual UPDATE events were confirmed by the database.
23-11-2021 16:01:51 INFO liquibase.changelog [restartedMain] Data loaded from /csv/covid_status.csv into covid_status
23-11-2021 16:01:51 INFO liquibase.changelog [restartedMain] ChangeSet db/changelog/load/loadCovidStatusTable.xml::1::liquibase ran successfully in 8ms
23-11-2021 16:01:51 INFO liquibase.statement [restartedMain] Executing JDBC DML batch was successful. 5 operations were executed, 1 individual UPDATE events were confirmed by the database.
23-11-2021 16:01:51 INFO liquibase.changelog [restartedMain] Data loaded from /csv/accessLevel.csv into access_level
23-11-2021 16:01:51 INFO liquibase.changelog [restartedMain] ChangeSet db/changelog/load/loadAccessLevelTable.xml::1::liquibase ran successfully in 16ms
23-11-2021 16:01:51 INFO liquibase.statement [restartedMain] Executing JDBC DML batch was successful. 8 operations were executed, 1 individual UPDATE events were confirmed by the database.
23-11-2021 16:01:51 INFO liquibase.changelog [restartedMain] Data loaded from /csv/account.csv into account
23-11-2021 16:01:51 INFO liquibase.changelog [restartedMain] ChangeSet db/changelog/load/loadAccountTable.xml::1::liquibase ran successfully in 24ms
23-11-2021 16:01:51 INFO liquibase.statement [restartedMain] Executing JDBC DML batch was successful. 10 operations were executed, 1 individual UPDATE events were confirmed by the database.
23-11-2021 16:01:51 INFO liquibase.changelog [restartedMain] Data loaded from /csv/disease.csv into disease
23-11-2021 16:01:51 INFO liquibase.changelog [restartedMain] ChangeSet db/changelog/load/loadDiseaseTable.xml::1::liquibase ran successfully in 16ms
23-11-2021 16:01:51 INFO liquibase.statement [restartedMain] Executing JDBC DML batch was successful. 6 operations were executed, 1 individual UPDATE events were confirmed by the database.
23-11-2021 16:01:51 INFO liquibase.changelog [restartedMain] Data loaded from /csv/medicalStaff.csv into medical_staff
23-11-2021 16:01:51 INFO liquibase.changelog [restartedMain] ChangeSet db/changelog/load/loadMedicalStaffTable.xml::1::liquibase ran successfully in 16ms
23-11-2021 16:01:51 INFO liquibase.lockservice [restartedMain] Successfully released change log lock
23-11-2021 16:01:51 ERROR org.springframework.boot.web.embedded.tomcat.TomcatStarter [restartedMain] Error starting Tomcat context. Exception: org.springframework.beans.factory.UnsatisfiedDependencyException. Message: Error creating bean with name 'requestJWTFilter' defined in file [D:\inzynier\projekt\backend\HospitalWard\target\classes\com\backend\hospitalward\security\RequestJWTFilter.class]: Unsatisfied dependency expressed through constructor parameter 1; nested exception is org.springframework.beans.factory.UnsatisfiedDependencyException: Error creating bean with name 'authService' defined in file [D:\inzynier\projekt\backend\HospitalWard\target\classes\com\backend\hospitalward\service\AuthService.class]: Unsatisfied dependency expressed through constructor parameter 0; nested exception is org.springframework.beans.factory.BeanCreationException: Error creating bean with name 'accountRepository' defined in com.backend.hospitalward.repository.AccountRepository defined in @EnableJpaRepositories declared on JpaRepositoriesRegistrar.EnableJpaRepositoriesConfiguration: Cannot create inner bean '(inner bean)#2626be2' of type [org.springframework.orm.jpa.SharedEntityManagerCreator] while setting bean property 'entityManager'; nested exception is org.springframework.beans.factory.BeanCreationException: Error creating bean with name '(inner bean)#2626be2': Cannot resolve reference to bean 'entityManagerFactory' while setting constructor argument; nested exception is org.springframework.beans.factory.BeanCreationException: Error creating bean with name 'liquibase' defined in class path resource [org/springframework/boot/autoconfigure/liquibase/LiquibaseAutoConfiguration$LiquibaseConfiguration.class]: Invocation of init method failed; nested exception is liquibase.exception.LiquibaseException: liquibase.exception.MigrationFailedException: Migration failed for change set db/changelog/load/loadPatientTable.xml::1::liquibase:
     Reason: liquibase.exception.DatabaseException: java.sql.BatchUpdateException: Unknown column 'position_queue' in 'field list'
23-11-2021 16:01:51 INFO org.apache.catalina.core.StandardService [restartedMain] Stopping service [Tomcat]
23-11-2021 16:01:51 WARN org.apache.catalina.loader.WebappClassLoaderBase [restartedMain] The web application [ROOT] appears to have started a thread named [HikariPool-1 housekeeper] but has failed to stop it. This is very likely to create a memory leak. Stack trace of thread:
 java.base@11.0.10/jdk.internal.misc.Unsafe.park(Native Method)
 java.base@11.0.10/java.util.concurrent.locks.LockSupport.parkNanos(LockSupport.java:234)
 java.base@11.0.10/java.util.concurrent.locks.AbstractQueuedSynchronizer$ConditionObject.awaitNanos(AbstractQueuedSynchronizer.java:2123)
 java.base@11.0.10/java.util.concurrent.ScheduledThreadPoolExecutor$DelayedWorkQueue.take(ScheduledThreadPoolExecutor.java:1182)
 java.base@11.0.10/java.util.concurrent.ScheduledThreadPoolExecutor$DelayedWorkQueue.take(ScheduledThreadPoolExecutor.java:899)
 java.base@11.0.10/java.util.concurrent.ThreadPoolExecutor.getTask(ThreadPoolExecutor.java:1054)
 java.base@11.0.10/java.util.concurrent.ThreadPoolExecutor.runWorker(ThreadPoolExecutor.java:1114)
 java.base@11.0.10/java.util.concurrent.ThreadPoolExecutor$Worker.run(ThreadPoolExecutor.java:628)
 java.base@11.0.10/java.lang.Thread.run(Thread.java:829)
23-11-2021 16:01:51 WARN org.apache.catalina.loader.WebappClassLoaderBase [restartedMain] The web application [ROOT] appears to have started a thread named [HikariPool-1 connection adder] but has failed to stop it. This is very likely to create a memory leak. Stack trace of thread:
 java.base@11.0.10/jdk.internal.misc.Unsafe.park(Native Method)
 java.base@11.0.10/java.util.concurrent.locks.LockSupport.parkNanos(LockSupport.java:234)
 java.base@11.0.10/java.util.concurrent.locks.AbstractQueuedSynchronizer$ConditionObject.awaitNanos(AbstractQueuedSynchronizer.java:2123)
 java.base@11.0.10/java.util.concurrent.LinkedBlockingQueue.poll(LinkedBlockingQueue.java:458)
 java.base@11.0.10/java.util.concurrent.ThreadPoolExecutor.getTask(ThreadPoolExecutor.java:1053)
 java.base@11.0.10/java.util.concurrent.ThreadPoolExecutor.runWorker(ThreadPoolExecutor.java:1114)
 java.base@11.0.10/java.util.concurrent.ThreadPoolExecutor$Worker.run(ThreadPoolExecutor.java:628)
 java.base@11.0.10/java.lang.Thread.run(Thread.java:829)
23-11-2021 16:01:51 WARN org.springframework.boot.web.servlet.context.AnnotationConfigServletWebServerApplicationContext [restartedMain] Exception encountered during context initialization - cancelling refresh attempt: org.springframework.context.ApplicationContextException: Unable to start web server; nested exception is org.springframework.boot.web.server.WebServerException: Unable to start embedded Tomcat
23-11-2021 16:01:51 INFO com.zaxxer.hikari.HikariDataSource [restartedMain] HikariPool-1 - Shutdown initiated...
23-11-2021 16:01:51 INFO com.zaxxer.hikari.HikariDataSource [restartedMain] HikariPool-1 - Shutdown completed.
23-11-2021 16:01:51 INFO org.springframework.boot.autoconfigure.logging.ConditionEvaluationReportLoggingListener [restartedMain] 

Error starting ApplicationContext. To display the conditions report re-run your application with 'debug' enabled.
23-11-2021 16:01:51 ERROR org.springframework.boot.SpringApplication [restartedMain] Application run failed
org.springframework.context.ApplicationContextException: Unable to start web server; nested exception is org.springframework.boot.web.server.WebServerException: Unable to start embedded Tomcat
	at org.springframework.boot.web.servlet.context.ServletWebServerApplicationContext.onRefresh(ServletWebServerApplicationContext.java:163)
	at org.springframework.context.support.AbstractApplicationContext.refresh(AbstractApplicationContext.java:577)
	at org.springframework.boot.web.servlet.context.ServletWebServerApplicationContext.refresh(ServletWebServerApplicationContext.java:145)
	at org.springframework.boot.SpringApplication.refresh(SpringApplication.java:754)
	at org.springframework.boot.SpringApplication.refreshContext(SpringApplication.java:434)
	at org.springframework.boot.SpringApplication.run(SpringApplication.java:338)
	at org.springframework.boot.SpringApplication.run(SpringApplication.java:1343)
	at org.springframework.boot.SpringApplication.run(SpringApplication.java:1332)
	at com.backend.hospitalward.HospitalWardApplication.main(HospitalWardApplication.java:12)
	at java.base/jdk.internal.reflect.NativeMethodAccessorImpl.invoke0(Native Method)
	at java.base/jdk.internal.reflect.NativeMethodAccessorImpl.invoke(NativeMethodAccessorImpl.java:62)
	at java.base/jdk.internal.reflect.DelegatingMethodAccessorImpl.invoke(DelegatingMethodAccessorImpl.java:43)
	at java.base/java.lang.reflect.Method.invoke(Method.java:566)
	at org.springframework.boot.devtools.restart.RestartLauncher.run(RestartLauncher.java:49)
Caused by: org.springframework.boot.web.server.WebServerException: Unable to start embedded Tomcat
	at org.springframework.boot.web.embedded.tomcat.TomcatWebServer.initialize(TomcatWebServer.java:142)
	at org.springframework.boot.web.embedded.tomcat.TomcatWebServer.<init>(TomcatWebServer.java:104)
	at org.springframework.boot.web.embedded.tomcat.TomcatServletWebServerFactory.getTomcatWebServer(TomcatServletWebServerFactory.java:450)
	at org.springframework.boot.web.embedded.tomcat.TomcatServletWebServerFactory.getWebServer(TomcatServletWebServerFactory.java:199)
	at org.springframework.boot.web.servlet.context.ServletWebServerApplicationContext.createWebServer(ServletWebServerApplicationContext.java:182)
	at org.springframework.boot.web.servlet.context.ServletWebServerApplicationContext.onRefresh(ServletWebServerApplicationContext.java:160)
	... 13 common frames omitted
Caused by: org.springframework.beans.factory.UnsatisfiedDependencyException: Error creating bean with name 'requestJWTFilter' defined in file [D:\inzynier\projekt\backend\HospitalWard\target\classes\com\backend\hospitalward\security\RequestJWTFilter.class]: Unsatisfied dependency expressed through constructor parameter 1; nested exception is org.springframework.beans.factory.UnsatisfiedDependencyException: Error creating bean with name 'authService' defined in file [D:\inzynier\projekt\backend\HospitalWard\target\classes\com\backend\hospitalward\service\AuthService.class]: Unsatisfied dependency expressed through constructor parameter 0; nested exception is org.springframework.beans.factory.BeanCreationException: Error creating bean with name 'accountRepository' defined in com.backend.hospitalward.repository.AccountRepository defined in @EnableJpaRepositories declared on JpaRepositoriesRegistrar.EnableJpaRepositoriesConfiguration: Cannot create inner bean '(inner bean)#2626be2' of type [org.springframework.orm.jpa.SharedEntityManagerCreator] while setting bean property 'entityManager'; nested exception is org.springframework.beans.factory.BeanCreationException: Error creating bean with name '(inner bean)#2626be2': Cannot resolve reference to bean 'entityManagerFactory' while setting constructor argument; nested exception is org.springframework.beans.factory.BeanCreationException: Error creating bean with name 'liquibase' defined in class path resource [org/springframework/boot/autoconfigure/liquibase/LiquibaseAutoConfiguration$LiquibaseConfiguration.class]: Invocation of init method failed; nested exception is liquibase.exception.LiquibaseException: liquibase.exception.MigrationFailedException: Migration failed for change set db/changelog/load/loadPatientTable.xml::1::liquibase:
     Reason: liquibase.exception.DatabaseException: java.sql.BatchUpdateException: Unknown column 'position_queue' in 'field list'
	at org.springframework.beans.factory.support.ConstructorResolver.createArgumentArray(ConstructorResolver.java:800)
	at org.springframework.beans.factory.support.ConstructorResolver.autowireConstructor(ConstructorResolver.java:229)
	at org.springframework.beans.factory.support.AbstractAutowireCapableBeanFactory.autowireConstructor(AbstractAutowireCapableBeanFactory.java:1354)
	at org.springframework.beans.factory.support.AbstractAutowireCapableBeanFactory.createBeanInstance(AbstractAutowireCapableBeanFactory.java:1204)
	at org.springframework.beans.factory.support.AbstractAutowireCapableBeanFactory.doCreateBean(AbstractAutowireCapableBeanFactory.java:564)
	at org.springframework.beans.factory.support.AbstractAutowireCapableBeanFactory.createBean(AbstractAutowireCapableBeanFactory.java:524)
	at org.springframework.beans.factory.support.AbstractBeanFactory.lambda$doGetBean$0(AbstractBeanFactory.java:335)
	at org.springframework.beans.factory.support.DefaultSingletonBeanRegistry.getSingleton(DefaultSingletonBeanRegistry.java:234)
	at org.springframework.beans.factory.support.AbstractBeanFactory.doGetBean(AbstractBeanFactory.java:333)
	at org.springframework.beans.factory.support.AbstractBeanFactory.getBean(AbstractBeanFactory.java:213)
	at org.springframework.boot.web.servlet.ServletContextInitializerBeans.getOrderedBeansOfType(ServletContextInitializerBeans.java:212)
	at org.springframework.boot.web.servlet.ServletContextInitializerBeans.addAsRegistrationBean(ServletContextInitializerBeans.java:175)
	at org.springframework.boot.web.servlet.ServletContextInitializerBeans.addAsRegistrationBean(ServletContextInitializerBeans.java:170)
	at org.springframework.boot.web.servlet.ServletContextInitializerBeans.addAdaptableBeans(ServletContextInitializerBeans.java:155)
	at org.springframework.boot.web.servlet.ServletContextInitializerBeans.<init>(ServletContextInitializerBeans.java:87)
	at org.springframework.boot.web.servlet.context.ServletWebServerApplicationContext.getServletContextInitializerBeans(ServletWebServerApplicationContext.java:260)
	at org.springframework.boot.web.servlet.context.ServletWebServerApplicationContext.selfInitialize(ServletWebServerApplicationContext.java:234)
	at org.springframework.boot.web.embedded.tomcat.TomcatStarter.onStartup(TomcatStarter.java:53)
	at org.apache.catalina.core.StandardContext.startInternal(StandardContext.java:5219)
	at org.apache.catalina.util.LifecycleBase.start(LifecycleBase.java:183)
	at org.apache.catalina.core.ContainerBase$StartChild.call(ContainerBase.java:1396)
	at org.apache.catalina.core.ContainerBase$StartChild.call(ContainerBase.java:1386)
	at java.base/java.util.concurrent.FutureTask.run(FutureTask.java:264)
	at org.apache.tomcat.util.threads.InlineExecutorService.execute(InlineExecutorService.java:75)
	at java.base/java.util.concurrent.AbstractExecutorService.submit(AbstractExecutorService.java:140)
	at org.apache.catalina.core.ContainerBase.startInternal(ContainerBase.java:919)
	at org.apache.catalina.core.StandardHost.startInternal(StandardHost.java:835)
	at org.apache.catalina.util.LifecycleBase.start(LifecycleBase.java:183)
	at org.apache.catalina.core.ContainerBase$StartChild.call(ContainerBase.java:1396)
	at org.apache.catalina.core.ContainerBase$StartChild.call(ContainerBase.java:1386)
	at java.base/java.util.concurrent.FutureTask.run(FutureTask.java:264)
	at org.apache.tomcat.util.threads.InlineExecutorService.execute(InlineExecutorService.java:75)
	at java.base/java.util.concurrent.AbstractExecutorService.submit(AbstractExecutorService.java:140)
	at org.apache.catalina.core.ContainerBase.startInternal(ContainerBase.java:919)
	at org.apache.catalina.core.StandardEngine.startInternal(StandardEngine.java:263)
	at org.apache.catalina.util.LifecycleBase.start(LifecycleBase.java:183)
	at org.apache.catalina.core.StandardService.startInternal(StandardService.java:432)
	at org.apache.catalina.util.LifecycleBase.start(LifecycleBase.java:183)
	at org.apache.catalina.core.StandardServer.startInternal(StandardServer.java:927)
	at org.apache.catalina.util.LifecycleBase.start(LifecycleBase.java:183)
	at org.apache.catalina.startup.Tomcat.start(Tomcat.java:486)
	at org.springframework.boot.web.embedded.tomcat.TomcatWebServer.initialize(TomcatWebServer.java:123)
	... 18 common frames omitted
Caused by: org.springframework.beans.factory.UnsatisfiedDependencyException: Error creating bean with name 'authService' defined in file [D:\inzynier\projekt\backend\HospitalWard\target\classes\com\backend\hospitalward\service\AuthService.class]: Unsatisfied dependency expressed through constructor parameter 0; nested exception is org.springframework.beans.factory.BeanCreationException: Error creating bean with name 'accountRepository' defined in com.backend.hospitalward.repository.AccountRepository defined in @EnableJpaRepositories declared on JpaRepositoriesRegistrar.EnableJpaRepositoriesConfiguration: Cannot create inner bean '(inner bean)#2626be2' of type [org.springframework.orm.jpa.SharedEntityManagerCreator] while setting bean property 'entityManager'; nested exception is org.springframework.beans.factory.BeanCreationException: Error creating bean with name '(inner bean)#2626be2': Cannot resolve reference to bean 'entityManagerFactory' while setting constructor argument; nested exception is org.springframework.beans.factory.BeanCreationException: Error creating bean with name 'liquibase' defined in class path resource [org/springframework/boot/autoconfigure/liquibase/LiquibaseAutoConfiguration$LiquibaseConfiguration.class]: Invocation of init method failed; nested exception is liquibase.exception.LiquibaseException: liquibase.exception.MigrationFailedException: Migration failed for change set db/changelog/load/loadPatientTable.xml::1::liquibase:
     Reason: liquibase.exception.DatabaseException: java.sql.BatchUpdateException: Unknown column 'position_queue' in 'field list'
	at org.springframework.beans.factory.support.ConstructorResolver.createArgumentArray(ConstructorResolver.java:800)
	at org.springframework.beans.factory.support.ConstructorResolver.autowireConstructor(ConstructorResolver.java:229)
	at org.springframework.beans.factory.support.AbstractAutowireCapableBeanFactory.autowireConstructor(AbstractAutowireCapableBeanFactory.java:1354)
	at org.springframework.beans.factory.support.AbstractAutowireCapableBeanFactory.createBeanInstance(AbstractAutowireCapableBeanFactory.java:1204)
	at org.springframework.beans.factory.support.AbstractAutowireCapableBeanFactory.doCreateBean(AbstractAutowireCapableBeanFactory.java:564)
	at org.springframework.beans.factory.support.AbstractAutowireCapableBeanFactory.createBean(AbstractAutowireCapableBeanFactory.java:524)
	at org.springframework.beans.factory.support.AbstractBeanFactory.lambda$doGetBean$0(AbstractBeanFactory.java:335)
	at org.springframework.beans.factory.support.DefaultSingletonBeanRegistry.getSingleton(DefaultSingletonBeanRegistry.java:234)
	at org.springframework.beans.factory.support.AbstractBeanFactory.doGetBean(AbstractBeanFactory.java:333)
	at org.springframework.beans.factory.support.AbstractBeanFactory.getBean(AbstractBeanFactory.java:208)
	at org.springframework.beans.factory.config.DependencyDescriptor.resolveCandidate(DependencyDescriptor.java:276)
	at org.springframework.beans.factory.support.DefaultListableBeanFactory.doResolveDependency(DefaultListableBeanFactory.java:1380)
	at org.springframework.beans.factory.support.DefaultListableBeanFactory.resolveDependency(DefaultListableBeanFactory.java:1300)
	at org.springframework.beans.factory.support.ConstructorResolver.resolveAutowiredArgument(ConstructorResolver.java:887)
	at org.springframework.beans.factory.support.ConstructorResolver.createArgumentArray(ConstructorResolver.java:791)
	... 59 common frames omitted
Caused by: org.springframework.beans.factory.BeanCreationException: Error creating bean with name 'accountRepository' defined in com.backend.hospitalward.repository.AccountRepository defined in @EnableJpaRepositories declared on JpaRepositoriesRegistrar.EnableJpaRepositoriesConfiguration: Cannot create inner bean '(inner bean)#2626be2' of type [org.springframework.orm.jpa.SharedEntityManagerCreator] while setting bean property 'entityManager'; nested exception is org.springframework.beans.factory.BeanCreationException: Error creating bean with name '(inner bean)#2626be2': Cannot resolve reference to bean 'entityManagerFactory' while setting constructor argument; nested exception is org.springframework.beans.factory.BeanCreationException: Error creating bean with name 'liquibase' defined in class path resource [org/springframework/boot/autoconfigure/liquibase/LiquibaseAutoConfiguration$LiquibaseConfiguration.class]: Invocation of init method failed; nested exception is liquibase.exception.LiquibaseException: liquibase.exception.MigrationFailedException: Migration failed for change set db/changelog/load/loadPatientTable.xml::1::liquibase:
     Reason: liquibase.exception.DatabaseException: java.sql.BatchUpdateException: Unknown column 'position_queue' in 'field list'
	at org.springframework.beans.factory.support.BeanDefinitionValueResolver.resolveInnerBean(BeanDefinitionValueResolver.java:389)
	at org.springframework.beans.factory.support.BeanDefinitionValueResolver.resolveValueIfNecessary(BeanDefinitionValueResolver.java:134)
	at org.springframework.beans.factory.support.AbstractAutowireCapableBeanFactory.applyPropertyValues(AbstractAutowireCapableBeanFactory.java:1689)
	at org.springframework.beans.factory.support.AbstractAutowireCapableBeanFactory.populateBean(AbstractAutowireCapableBeanFactory.java:1434)
	at org.springframework.beans.factory.support.AbstractAutowireCapableBeanFactory.doCreateBean(AbstractAutowireCapableBeanFactory.java:601)
	at org.springframework.beans.factory.support.AbstractAutowireCapableBeanFactory.createBean(AbstractAutowireCapableBeanFactory.java:524)
	at org.springframework.beans.factory.support.AbstractBeanFactory.lambda$doGetBean$0(AbstractBeanFactory.java:335)
	at org.springframework.beans.factory.support.DefaultSingletonBeanRegistry.getSingleton(DefaultSingletonBeanRegistry.java:234)
	at org.springframework.beans.factory.support.AbstractBeanFactory.doGetBean(AbstractBeanFactory.java:333)
	at org.springframework.beans.factory.support.AbstractBeanFactory.getBean(AbstractBeanFactory.java:208)
	at org.springframework.beans.factory.config.DependencyDescriptor.resolveCandidate(DependencyDescriptor.java:276)
	at org.springframework.beans.factory.support.DefaultListableBeanFactory.doResolveDependency(DefaultListableBeanFactory.java:1380)
	at org.springframework.beans.factory.support.DefaultListableBeanFactory.resolveDependency(DefaultListableBeanFactory.java:1300)
	at org.springframework.beans.factory.support.ConstructorResolver.resolveAutowiredArgument(ConstructorResolver.java:887)
	at org.springframework.beans.factory.support.ConstructorResolver.createArgumentArray(ConstructorResolver.java:791)
	... 73 common frames omitted
Caused by: org.springframework.beans.factory.BeanCreationException: Error creating bean with name '(inner bean)#2626be2': Cannot resolve reference to bean 'entityManagerFactory' while setting constructor argument; nested exception is org.springframework.beans.factory.BeanCreationException: Error creating bean with name 'liquibase' defined in class path resource [org/springframework/boot/autoconfigure/liquibase/LiquibaseAutoConfiguration$LiquibaseConfiguration.class]: Invocation of init method failed; nested exception is liquibase.exception.LiquibaseException: liquibase.exception.MigrationFailedException: Migration failed for change set db/changelog/load/loadPatientTable.xml::1::liquibase:
     Reason: liquibase.exception.DatabaseException: java.sql.BatchUpdateException: Unknown column 'position_queue' in 'field list'
	at org.springframework.beans.factory.support.BeanDefinitionValueResolver.resolveReference(BeanDefinitionValueResolver.java:342)
	at org.springframework.beans.factory.support.BeanDefinitionValueResolver.resolveValueIfNecessary(BeanDefinitionValueResolver.java:113)
	at org.springframework.beans.factory.support.ConstructorResolver.resolveConstructorArguments(ConstructorResolver.java:693)
	at org.springframework.beans.factory.support.ConstructorResolver.instantiateUsingFactoryMethod(ConstructorResolver.java:510)
	at org.springframework.beans.factory.support.AbstractAutowireCapableBeanFactory.instantiateUsingFactoryMethod(AbstractAutowireCapableBeanFactory.java:1334)
	at org.springframework.beans.factory.support.AbstractAutowireCapableBeanFactory.createBeanInstance(AbstractAutowireCapableBeanFactory.java:1177)
	at org.springframework.beans.factory.support.AbstractAutowireCapableBeanFactory.doCreateBean(AbstractAutowireCapableBeanFactory.java:564)
	at org.springframework.beans.factory.support.AbstractAutowireCapableBeanFactory.createBean(AbstractAutowireCapableBeanFactory.java:524)
	at org.springframework.beans.factory.support.BeanDefinitionValueResolver.resolveInnerBean(BeanDefinitionValueResolver.java:374)
	... 87 common frames omitted
Caused by: org.springframework.beans.factory.BeanCreationException: Error creating bean with name 'liquibase' defined in class path resource [org/springframework/boot/autoconfigure/liquibase/LiquibaseAutoConfiguration$LiquibaseConfiguration.class]: Invocation of init method failed; nested exception is liquibase.exception.LiquibaseException: liquibase.exception.MigrationFailedException: Migration failed for change set db/changelog/load/loadPatientTable.xml::1::liquibase:
     Reason: liquibase.exception.DatabaseException: java.sql.BatchUpdateException: Unknown column 'position_queue' in 'field list'
	at org.springframework.beans.factory.support.AbstractAutowireCapableBeanFactory.initializeBean(AbstractAutowireCapableBeanFactory.java:1786)
	at org.springframework.beans.factory.support.AbstractAutowireCapableBeanFactory.doCreateBean(AbstractAutowireCapableBeanFactory.java:602)
	at org.springframework.beans.factory.support.AbstractAutowireCapableBeanFactory.createBean(AbstractAutowireCapableBeanFactory.java:524)
	at org.springframework.beans.factory.support.AbstractBeanFactory.lambda$doGetBean$0(AbstractBeanFactory.java:335)
	at org.springframework.beans.factory.support.DefaultSingletonBeanRegistry.getSingleton(DefaultSingletonBeanRegistry.java:234)
	at org.springframework.beans.factory.support.AbstractBeanFactory.doGetBean(AbstractBeanFactory.java:333)
	at org.springframework.beans.factory.support.AbstractBeanFactory.getBean(AbstractBeanFactory.java:208)
	at org.springframework.beans.factory.support.AbstractBeanFactory.doGetBean(AbstractBeanFactory.java:322)
	at org.springframework.beans.factory.support.AbstractBeanFactory.getBean(AbstractBeanFactory.java:208)
	at org.springframework.beans.factory.support.BeanDefinitionValueResolver.resolveReference(BeanDefinitionValueResolver.java:330)
	... 95 common frames omitted
Caused by: liquibase.exception.LiquibaseException: liquibase.exception.MigrationFailedException: Migration failed for change set db/changelog/load/loadPatientTable.xml::1::liquibase:
     Reason: liquibase.exception.DatabaseException: java.sql.BatchUpdateException: Unknown column 'position_queue' in 'field list'
	at liquibase.changelog.ChangeLogIterator.run(ChangeLogIterator.java:124)
	at liquibase.Liquibase.lambda$null$0(Liquibase.java:272)
	at liquibase.Scope.lambda$child$0(Scope.java:160)
	at liquibase.Scope.child(Scope.java:169)
	at liquibase.Scope.child(Scope.java:159)
	at liquibase.Scope.child(Scope.java:138)
	at liquibase.Scope.child(Scope.java:222)
	at liquibase.Liquibase.lambda$update$1(Liquibase.java:271)
	at liquibase.Scope.lambda$child$0(Scope.java:160)
	at liquibase.Scope.child(Scope.java:169)
	at liquibase.Scope.child(Scope.java:159)
	at liquibase.Scope.child(Scope.java:138)
	at liquibase.Liquibase.runInScope(Liquibase.java:2369)
	at liquibase.Liquibase.update(Liquibase.java:217)
	at liquibase.Liquibase.update(Liquibase.java:203)
	at liquibase.integration.spring.SpringLiquibase.performUpdate(SpringLiquibase.java:321)
	at liquibase.integration.spring.SpringLiquibase.afterPropertiesSet(SpringLiquibase.java:275)
	at org.springframework.beans.factory.support.AbstractAutowireCapableBeanFactory.invokeInitMethods(AbstractAutowireCapableBeanFactory.java:1845)
	at org.springframework.beans.factory.support.AbstractAutowireCapableBeanFactory.initializeBean(AbstractAutowireCapableBeanFactory.java:1782)
	... 104 common frames omitted
Caused by: liquibase.exception.MigrationFailedException: Migration failed for change set db/changelog/load/loadPatientTable.xml::1::liquibase:
     Reason: liquibase.exception.DatabaseException: java.sql.BatchUpdateException: Unknown column 'position_queue' in 'field list'
	at liquibase.changelog.ChangeSet.execute(ChangeSet.java:672)
	at liquibase.changelog.visitor.UpdateVisitor.visit(UpdateVisitor.java:49)
	at liquibase.changelog.ChangeLogIterator$2.lambda$null$0(ChangeLogIterator.java:111)
	at liquibase.Scope.lambda$child$0(Scope.java:160)
	at liquibase.Scope.child(Scope.java:169)
	at liquibase.Scope.child(Scope.java:159)
	at liquibase.Scope.child(Scope.java:138)
	at liquibase.changelog.ChangeLogIterator$2.lambda$run$1(ChangeLogIterator.java:110)
	at liquibase.Scope.lambda$child$0(Scope.java:160)
	at liquibase.Scope.child(Scope.java:169)
	at liquibase.Scope.child(Scope.java:159)
	at liquibase.Scope.child(Scope.java:138)
	at liquibase.Scope.child(Scope.java:222)
	at liquibase.changelog.ChangeLogIterator$2.run(ChangeLogIterator.java:94)
	at liquibase.Scope.lambda$child$0(Scope.java:160)
	at liquibase.Scope.child(Scope.java:169)
	at liquibase.Scope.child(Scope.java:159)
	at liquibase.Scope.child(Scope.java:138)
	at liquibase.Scope.child(Scope.java:222)
	at liquibase.Scope.child(Scope.java:226)
	at liquibase.changelog.ChangeLogIterator.run(ChangeLogIterator.java:66)
	... 122 common frames omitted
Caused by: liquibase.exception.DatabaseException: java.sql.BatchUpdateException: Unknown column 'position_queue' in 'field list'
	at liquibase.statement.ExecutablePreparedStatementBase.execute(ExecutablePreparedStatementBase.java:82)
	at liquibase.executor.jvm.JdbcExecutor.execute(JdbcExecutor.java:140)
	at liquibase.database.AbstractJdbcDatabase.execute(AbstractJdbcDatabase.java:1278)
	at liquibase.database.AbstractJdbcDatabase.executeStatements(AbstractJdbcDatabase.java:1260)
	at liquibase.changelog.ChangeSet.execute(ChangeSet.java:637)
	... 142 common frames omitted
Caused by: java.sql.BatchUpdateException: Unknown column 'position_queue' in 'field list'
	at java.base/jdk.internal.reflect.NativeConstructorAccessorImpl.newInstance0(Native Method)
	at java.base/jdk.internal.reflect.NativeConstructorAccessorImpl.newInstance(NativeConstructorAccessorImpl.java:62)
	at java.base/jdk.internal.reflect.DelegatingConstructorAccessorImpl.newInstance(DelegatingConstructorAccessorImpl.java:45)
	at java.base/java.lang.reflect.Constructor.newInstance(Constructor.java:490)
	at com.mysql.cj.util.Util.handleNewInstance(Util.java:192)
	at com.mysql.cj.util.Util.getInstance(Util.java:167)
	at com.mysql.cj.util.Util.getInstance(Util.java:174)
	at com.mysql.cj.jdbc.exceptions.SQLError.createBatchUpdateException(SQLError.java:224)
	at com.mysql.cj.jdbc.ClientPreparedStatement.executeBatchSerially(ClientPreparedStatement.java:853)
	at com.mysql.cj.jdbc.ClientPreparedStatement.executeBatchInternal(ClientPreparedStatement.java:435)
	at com.mysql.cj.jdbc.StatementImpl.executeBatch(StatementImpl.java:796)
	at com.zaxxer.hikari.pool.ProxyStatement.executeBatch(ProxyStatement.java:127)
	at com.zaxxer.hikari.pool.HikariProxyPreparedStatement.executeBatch(HikariProxyPreparedStatement.java)
	at liquibase.statement.BatchDmlExecutablePreparedStatement.executePreparedStatement(BatchDmlExecutablePreparedStatement.java:64)
	at liquibase.statement.ExecutablePreparedStatementBase.execute(ExecutablePreparedStatementBase.java:80)
	... 146 common frames omitted
Caused by: java.sql.SQLSyntaxErrorException: Unknown column 'position_queue' in 'field list'
	at com.mysql.cj.jdbc.exceptions.SQLError.createSQLException(SQLError.java:120)
	at com.mysql.cj.jdbc.exceptions.SQLExceptionsMapping.translateException(SQLExceptionsMapping.java:122)
	at com.mysql.cj.jdbc.ClientPreparedStatement.executeInternal(ClientPreparedStatement.java:953)
	at com.mysql.cj.jdbc.ClientPreparedStatement.executeUpdateInternal(ClientPreparedStatement.java:1092)
	at com.mysql.cj.jdbc.ClientPreparedStatement.executeBatchSerially(ClientPreparedStatement.java:832)
	... 152 common frames omitted
23-11-2021 16:03:41 INFO org.hibernate.validator.internal.util.Version [background-preinit] HV000001: Hibernate Validator 6.2.0.Final
23-11-2021 16:03:41 INFO com.backend.hospitalward.HospitalWardApplication [restartedMain] Starting HospitalWardApplication using Java 11.0.10 on DESKTOP-19QR801 with PID 15892 (D:\inzynier\projekt\backend\HospitalWard\target\classes started by Xarria in D:\inzynier\projekt\backend\HospitalWard)
23-11-2021 16:03:41 INFO com.backend.hospitalward.HospitalWardApplication [restartedMain] No active profile set, falling back to default profiles: default
23-11-2021 16:03:41 INFO org.springframework.boot.devtools.restart.ChangeableUrls [restartedMain] The Class-Path manifest attribute in C:\Users\Xarria\.m2\repository\org\liquibase\liquibase-core\4.3.5\liquibase-core-4.3.5.jar referenced one or more files that do not exist: file:/C:/Users/Xarria/.m2/repository/org/liquibase/liquibase-core/4.3.5/commons-cli-1.4.jar,file:/C:/Users/Xarria/.m2/repository/org/liquibase/liquibase-core/4.3.5/snakeyaml-1.27.jar
23-11-2021 16:03:41 INFO org.springframework.boot.devtools.env.DevToolsPropertyDefaultsPostProcessor [restartedMain] Devtools property defaults active! Set 'spring.devtools.add-properties' to 'false' to disable
23-11-2021 16:03:41 INFO org.springframework.boot.devtools.env.DevToolsPropertyDefaultsPostProcessor [restartedMain] For additional web related logging consider setting the 'logging.level.web' property to 'DEBUG'
23-11-2021 16:03:41 INFO org.springframework.data.repository.config.RepositoryConfigurationDelegate [restartedMain] Bootstrapping Spring Data JPA repositories in DEFAULT mode.
23-11-2021 16:03:42 INFO org.springframework.data.repository.config.RepositoryConfigurationDelegate [restartedMain] Finished Spring Data repository scanning in 75 ms. Found 5 JPA repository interfaces.
23-11-2021 16:03:42 INFO org.springframework.context.support.PostProcessorRegistrationDelegate$BeanPostProcessorChecker [restartedMain] Bean 'org.springframework.retry.annotation.RetryConfiguration' of type [org.springframework.retry.annotation.RetryConfiguration$$EnhancerBySpringCGLIB$$654370ca] is not eligible for getting processed by all BeanPostProcessors (for example: not eligible for auto-proxying)
23-11-2021 16:03:42 INFO org.springframework.context.support.PostProcessorRegistrationDelegate$BeanPostProcessorChecker [restartedMain] Bean 'org.springframework.security.access.expression.method.DefaultMethodSecurityExpressionHandler@7f4cafda' of type [org.springframework.security.access.expression.method.DefaultMethodSecurityExpressionHandler] is not eligible for getting processed by all BeanPostProcessors (for example: not eligible for auto-proxying)
23-11-2021 16:03:42 INFO org.springframework.context.support.PostProcessorRegistrationDelegate$BeanPostProcessorChecker [restartedMain] Bean 'methodSecurityMetadataSource' of type [org.springframework.security.access.method.DelegatingMethodSecurityMetadataSource] is not eligible for getting processed by all BeanPostProcessors (for example: not eligible for auto-proxying)
23-11-2021 16:03:42 INFO org.springframework.boot.web.embedded.tomcat.TomcatWebServer [restartedMain] Tomcat initialized with port(s): 8080 (http)
23-11-2021 16:03:42 INFO org.apache.coyote.http11.Http11NioProtocol [restartedMain] Initializing ProtocolHandler ["http-nio-8080"]
23-11-2021 16:03:42 INFO org.apache.catalina.core.StandardService [restartedMain] Starting service [Tomcat]
23-11-2021 16:03:42 INFO org.apache.catalina.core.StandardEngine [restartedMain] Starting Servlet engine: [Apache Tomcat/9.0.52]
23-11-2021 16:03:43 INFO org.apache.catalina.core.ContainerBase.[Tomcat].[localhost].[/] [restartedMain] Initializing Spring embedded WebApplicationContext
23-11-2021 16:03:43 INFO org.springframework.boot.web.servlet.context.ServletWebServerApplicationContext [restartedMain] Root WebApplicationContext: initialization completed in 1853 ms
23-11-2021 16:03:43 INFO com.zaxxer.hikari.HikariDataSource [restartedMain] HikariPool-1 - Starting...
23-11-2021 16:03:43 INFO com.zaxxer.hikari.HikariDataSource [restartedMain] HikariPool-1 - Start completed.
23-11-2021 16:03:43 INFO liquibase.lockservice [restartedMain] Successfully acquired change log lock
23-11-2021 16:03:44 INFO liquibase.changelog [restartedMain] Reading from hospital_ward_db.DATABASECHANGELOG
23-11-2021 16:03:44 INFO liquibase.lockservice [restartedMain] Successfully released change log lock
23-11-2021 16:03:44 INFO liquibase.lockservice [restartedMain] Successfully acquired change log lock
23-11-2021 16:03:44 WARN liquibase.hub [restartedMain] Skipping auto-registration
23-11-2021 16:03:44 INFO liquibase.statement [restartedMain] Executing JDBC DML batch was successful. 6 operations were executed, 1 individual UPDATE events were confirmed by the database.
23-11-2021 16:03:44 INFO liquibase.changelog [restartedMain] Data loaded from /csv/patient.csv into patient
23-11-2021 16:03:44 INFO liquibase.changelog [restartedMain] ChangeSet db/changelog/load/loadPatientTable.xml::1::liquibase ran successfully in 24ms
23-11-2021 16:03:44 INFO liquibase.statement [restartedMain] Executing JDBC DML batch was successful. 6 operations were executed, 1 individual UPDATE events were confirmed by the database.
23-11-2021 16:03:44 INFO liquibase.changelog [restartedMain] Data loaded from /csv/personalData.csv into personal_data
23-11-2021 16:03:44 INFO liquibase.changelog [restartedMain] ChangeSet db/changelog/load/loadPersonalDataTable.xml::1::liquibase ran successfully in 16ms
23-11-2021 16:03:44 INFO liquibase.statement [restartedMain] Executing JDBC DML batch was successful. 4 operations were executed, 1 individual UPDATE events were confirmed by the database.
23-11-2021 16:03:44 INFO liquibase.changelog [restartedMain] Data loaded from /csv/specialization.csv into specialization
23-11-2021 16:03:44 INFO liquibase.changelog [restartedMain] ChangeSet db/changelog/load/loadSpecializationTable.xml::1::liquibase ran successfully in 16ms
23-11-2021 16:03:44 INFO liquibase.statement [restartedMain] Executing JDBC DML batch was successful. 7 operations were executed, 1 individual UPDATE events were confirmed by the database.
23-11-2021 16:03:44 INFO liquibase.changelog [restartedMain] Data loaded from /csv/medicalStaffSpecialization.csv into medical_staff_specialization
23-11-2021 16:03:44 INFO liquibase.changelog [restartedMain] ChangeSet db/changelog/load/loadMedicalStaffSpecializationTable.xml::1::liquibase ran successfully in 16ms
23-11-2021 16:03:44 INFO liquibase.lockservice [restartedMain] Successfully released change log lock
23-11-2021 16:03:44 INFO org.hibernate.jpa.internal.util.LogHelper [restartedMain] HHH000204: Processing PersistenceUnitInfo [name: default]
23-11-2021 16:03:45 INFO org.hibernate.Version [restartedMain] HHH000412: Hibernate ORM core version 5.5.7.Final
23-11-2021 16:03:45 INFO org.hibernate.annotations.common.Version [restartedMain] HCANN000001: Hibernate Commons Annotations {5.1.2.Final}
23-11-2021 16:03:45 INFO org.hibernate.dialect.Dialect [restartedMain] HHH000400: Using dialect: org.hibernate.dialect.MySQL8Dialect
23-11-2021 16:03:45 WARN org.hibernate.cfg.AnnotationBinder [restartedMain] HHH000457: Joined inheritance hierarchy [com.backend.hospitalward.model.Account] defined explicit @DiscriminatorColumn.  Legacy Hibernate behavior was to ignore the @DiscriminatorColumn.  However, as part of issue HHH-6911 we now apply the explicit @DiscriminatorColumn.  If you would prefer the legacy behavior, enable the `hibernate.discriminator.ignore_explicit_for_joined` setting (hibernate.discriminator.ignore_explicit_for_joined=true)
23-11-2021 16:03:46 INFO org.hibernate.engine.transaction.jta.platform.internal.JtaPlatformInitiator [restartedMain] HHH000490: Using JtaPlatform implementation: [org.hibernate.engine.transaction.jta.platform.internal.NoJtaPlatform]
23-11-2021 16:03:46 INFO org.springframework.orm.jpa.LocalContainerEntityManagerFactoryBean [restartedMain] Initialized JPA EntityManagerFactory for persistence unit 'default'
23-11-2021 16:03:46 INFO com.backend.hospitalward.util.logging.AspectLogger [restartedMain] Class ApplicationConfig started method: shallowEtagHeaderFilter with args: {}
23-11-2021 16:03:46 INFO com.backend.hospitalward.util.logging.AspectLogger [restartedMain] Class ApplicationConfig finished method: shallowEtagHeaderFilter in 8 ms and returned: org.springframework.web.filter.ShallowEtagHeaderFilter@7fb60aa7
23-11-2021 16:03:47 INFO com.backend.hospitalward.util.logging.AspectLogger [restartedMain] Class ApplicationConfig started method: corsConfigurer with args: {}
23-11-2021 16:03:47 INFO com.backend.hospitalward.util.logging.AspectLogger [restartedMain] Class ApplicationConfig finished method: corsConfigurer in 0 ms and returned: com.backend.hospitalward.config.ApplicationConfig$1@1a5522e6
23-11-2021 16:03:47 WARN org.springframework.boot.autoconfigure.orm.jpa.JpaBaseConfiguration$JpaWebConfiguration [restartedMain] spring.jpa.open-in-view is enabled by default. Therefore, database queries may be performed during view rendering. Explicitly configure spring.jpa.open-in-view to disable this warning
23-11-2021 16:03:47 INFO com.backend.hospitalward.util.logging.AspectLogger [restartedMain] Class SecurityConfig started method: authenticationManagerBean with args: {}
23-11-2021 16:03:47 INFO com.backend.hospitalward.util.logging.AspectLogger [restartedMain] Class SecurityConfig finished method: authenticationManagerBean in 7 ms and returned: org.springframework.security.config.annotation.web.configuration.WebSecurityConfigurerAdapter$AuthenticationManagerDelegator@7b604633
23-11-2021 16:03:47 WARN org.springframework.boot.web.servlet.context.AnnotationConfigServletWebServerApplicationContext [restartedMain] Exception encountered during context initialization - cancelling refresh attempt: org.springframework.beans.factory.UnsatisfiedDependencyException: Error creating bean with name 'diseaseController' defined in file [D:\inzynier\projekt\backend\HospitalWard\target\classes\com\backend\hospitalward\controller\DiseaseController.class]: Unsatisfied dependency expressed through constructor parameter 1; nested exception is org.springframework.beans.factory.NoSuchBeanDefinitionException: No qualifying bean of type 'com.backend.hospitalward.mapper.DiseaseMapper' available: expected at least 1 bean which qualifies as autowire candidate. Dependency annotations: {}
23-11-2021 16:03:47 INFO org.springframework.orm.jpa.LocalContainerEntityManagerFactoryBean [restartedMain] Closing JPA EntityManagerFactory for persistence unit 'default'
23-11-2021 16:03:47 INFO com.zaxxer.hikari.HikariDataSource [restartedMain] HikariPool-1 - Shutdown initiated...
23-11-2021 16:03:47 INFO com.zaxxer.hikari.HikariDataSource [restartedMain] HikariPool-1 - Shutdown completed.
23-11-2021 16:03:47 INFO org.apache.catalina.core.StandardService [restartedMain] Stopping service [Tomcat]
23-11-2021 16:03:47 INFO org.springframework.boot.autoconfigure.logging.ConditionEvaluationReportLoggingListener [restartedMain] 

Error starting ApplicationContext. To display the conditions report re-run your application with 'debug' enabled.
23-11-2021 16:03:47 ERROR org.springframework.boot.diagnostics.LoggingFailureAnalysisReporter [restartedMain] 

***************************
APPLICATION FAILED TO START
***************************

Description:

Parameter 1 of constructor in com.backend.hospitalward.controller.DiseaseController required a bean of type 'com.backend.hospitalward.mapper.DiseaseMapper' that could not be found.


Action:

Consider defining a bean of type 'com.backend.hospitalward.mapper.DiseaseMapper' in your configuration.

